<?xml version="1.0" encoding="UTF-8"?>
<!-- Generated by org.testng.reporters.JUnitXMLReporter -->
<testsuite ignored="0" hostname="LAPTOP-SJO5D4J0" failures="0" tests="10" name="Test" time="129.824" errors="0" timestamp="2022-05-18T19:00:48 IST">
  <testcase classname="testcases.credentials" name="getexcel" time="9.242"/>
  <testcase classname="testcases.privacy" name="policy" time="8.818"/>
  <testcase classname="testcases.titlepage" name="gift" time="5.405"/>
  <testcase classname="testcases.titlepage" name="title" time="0.594"/>
  <testcase classname="testcases.titlepage" name="urbanStore" time="9.58"/>
  <testcase classname="testcases.signin" name="sign" time="19.34"/>
  <testcase classname="testcases.home" name="page" time="6.016"/>
  <testcase classname="testcases.home" name="scroll" time="5.603"/>
  <testcase classname="testcases.Study" name="study1" time="2.282"/>
  <testcase classname="testcases.login" name="login1" time="6.506"/>
</testsuite> <!-- Test -->
