<?xml version="1.0" encoding="UTF-8"?>
<testng-results ignored="0" total="1" passed="1" failed="0" skipped="0">
  <reporter-output>
  </reporter-output>
  <suite started-at="2022-05-18T21:52:54 IST" name="Default suite" finished-at="2022-05-18T21:53:24 IST" duration-ms="30302">
    <groups>
    </groups>
    <test started-at="2022-05-18T21:52:54 IST" name="Default test" finished-at="2022-05-18T21:53:24 IST" duration-ms="30302">
      <class name="testcases.signin">
        <test-method is-config="true" signature="extent()[pri:0, instance:testcases.signin@3d6f0054]" started-at="2022-05-18T21:52:54 IST" name="extent" finished-at="2022-05-18T21:52:54 IST" duration-ms="127" status="PASS">
          <reporter-output>
          </reporter-output>
        </test-method> <!-- extent -->
        <test-method is-config="true" signature="setup()[pri:0, instance:testcases.signin@3d6f0054]" started-at="2022-05-18T21:52:54 IST" name="setup" finished-at="2022-05-18T21:53:03 IST" duration-ms="8863" status="PASS">
          <reporter-output>
          </reporter-output>
        </test-method> <!-- setup -->
        <test-method signature="sign()[pri:0, instance:testcases.signin@3d6f0054]" started-at="2022-05-18T21:53:03 IST" name="sign" finished-at="2022-05-18T21:53:23 IST" duration-ms="20871" status="PASS">
          <reporter-output>
          </reporter-output>
        </test-method> <!-- sign -->
        <test-method is-config="true" signature="get(org.testng.ITestResult)[pri:0, instance:testcases.signin@3d6f0054]" started-at="2022-05-18T21:53:23 IST" name="get" finished-at="2022-05-18T21:53:23 IST" duration-ms="13" status="PASS">
          <params>
            <param index="0">
              <value>
                <![CDATA[[TestResult name=sign status=SUCCESS method=signin.sign()[pri:0, instance:testcases.signin@3d6f0054] output={null}]]]>
              </value>
            </param>
          </params>
          <reporter-output>
          </reporter-output>
        </test-method> <!-- get -->
        <test-method is-config="true" signature="tearDown()[pri:0, instance:testcases.signin@3d6f0054]" started-at="2022-05-18T21:53:23 IST" name="tearDown" finished-at="2022-05-18T21:53:24 IST" duration-ms="389" status="PASS">
          <reporter-output>
          </reporter-output>
        </test-method> <!-- tearDown -->
      </class> <!-- testcases.signin -->
    </test> <!-- Default test -->
  </suite> <!-- Default suite -->
</testng-results>
